<?xml version="1.0" encoding="UTF-8"?>
<!-- Generated by org.testng.reporters.JUnitReportReporter -->
<testsuite hostname="hni-hienluong" name="niteco.com.auto.mydemo.NewCustomer" tests="3" failures="0" timestamp="5 Jul 2016 02:12:52 GMT" time="0.162" errors="0">
  <testcase name="VerifyErrorShownIfFieldIsBlank" time="0.070" classname="niteco.com.auto.mydemo.NewCustomer"/>
  <testcase name="VerifyColorBackgroundWhenHoverMouse" time="0.056" classname="niteco.com.auto.mydemo.NewCustomer"/>
  <testcase name="VerifyTitlePage" time="0.036" classname="niteco.com.auto.mydemo.NewCustomer"/>
</testsuite> <!-- niteco.com.auto.mydemo.NewCustomer -->
