<?xml version="1.0" encoding="UTF-8"?>
<!-- Generated by org.testng.reporters.JUnitReportReporter -->
<testsuite hostname="hni-hienluong" name="niteco.com.auto.mydemo.POMwithPage" tests="1" failures="0" timestamp="8 Jul 2016 06:37:27 GMT" time="2.193" errors="0">
  <testcase name="verifyLoginSuccess" time="2.193" classname="niteco.com.auto.mydemo.POMwithPage"/>
</testsuite> <!-- niteco.com.auto.mydemo.POMwithPage -->
